Level:[error] LogTime: [September 5th 2023, 11:28:14 am] Message:-[Cannot access 'product' before initialization. status code: 500]
Level:[error] LogTime: [September 5th 2023, 11:29:59 am] Message:-[Cannot read properties of null (reading 'productName'). status code: 500]
Level:[error] LogTime: [September 5th 2023, 11:46:13 am] Message:-[totalPriceT is not defined. status code: 500]
Level:[error] LogTime: [September 5th 2023, 11:59:28 am] Message:-[Cast to string failed for value "{
  FirstName: 'test',
  LastName: 'test',
  AddressLine1: 'test',
  AddressLine2: 'test',
  City: 'test',
  Region: 'test',
  Zip: 'test',
  Country: 'test'
}" (type Object) at path "addresses" for model "Address". status code: 500]
Level:[error] LogTime: [September 5th 2023, 1:18:13 pm] Message:-[id is not defined. status code: 500]
Level:[error] LogTime: [September 5th 2023, 1:19:05 pm] Message:-[user_id is not defined. status code: 500]
Level:[error] LogTime: [September 5th 2023, 1:19:05 pm] Message:-[user_id is not defined. status code: 500]
Level:[error] LogTime: [September 5th 2023, 1:19:05 pm] Message:-[user_id is not defined. status code: 500]
Level:[error] LogTime: [September 5th 2023, 1:29:24 pm] Message:-[user_id is not defined. status code: 500]
Level:[error] LogTime: [September 5th 2023, 1:33:46 pm] Message:-[user_id is not defined. status code: 500]
Level:[error] LogTime: [September 5th 2023, 1:34:23 pm] Message:-[Cannot read properties of null (reading 'userId'). status code: 500]
Level:[error] LogTime: [September 5th 2023, 1:36:02 pm] Message:-[Cannot read properties of null (reading '_id'). status code: 500]
Level:[error] LogTime: [September 5th 2023, 1:41:52 pm] Message:-[Executor error during find command :: caused by :: The argument to $size must be an array, but was of type: missing. status code: 500]
Level:[error] LogTime: [September 5th 2023, 1:59:25 pm] Message:-[user_id is not defined. status code: 500]
