Level:[error] LogTime: [May 23rd 2023, 2:43:56 pm] Message:-[User not registered! status code: 409]
Level:[error] LogTime: [May 23rd 2023, 2:43:56 pm] Message:-[The passwords must match! status code: 409]
Level:[error] LogTime: [May 25th 2023, 6:06:38 pm] Message:-[The passwords must match! status code: 409]
Level:[error] LogTime: [May 25th 2023, 6:08:52 pm] Message:-[The passwords must match! status code: 409]
Level:[error] LogTime: [May 25th 2023, 11:28:22 pm] Message:-[Wrong User Name Or Password! status code: 409]
Level:[error] LogTime: [May 25th 2023, 11:28:22 pm] Message:-[Wrong User Name Or Password! status code: 409]
Level:[error] LogTime: [May 25th 2023, 11:28:22 pm] Message:-[Wrong User Name Or Password! status code: 409]
Level:[error] LogTime: [May 26th 2023, 12:13:51 am] Message:-[Wrong User Name Or Password! status code: 409]
Level:[error] LogTime: [May 26th 2023, 12:20:06 am] Message:-[The passwords must match! status code: 409]
Level:[error] LogTime: [May 26th 2023, 5:12:47 pm] Message:-[User not registered! status code: 409]
Level:[error] LogTime: [May 26th 2023, 5:13:57 pm] Message:-[User already exist! status code: 409]
Level:[error] LogTime: [May 26th 2023, 8:06:41 pm] Message:-[User already exist! status code: 409]
Level:[error] LogTime: [May 26th 2023, 8:06:41 pm] Message:-[The passwords must match! status code: 409]
Level:[error] LogTime: [May 26th 2023, 8:06:41 pm] Message:-[User already exist! status code: 409]
Level:[error] LogTime: [May 26th 2023, 8:06:41 pm] Message:-[E11000 duplicate key error collection: test.users index: firstName_1 dup key: { firstName: "suser" }. status code: 500]
Level:[error] LogTime: [June 15th 2023, 10:24:28 am] Message:-[Wrong UserName Or Pass! status code: 409]
Level:[error] LogTime: [June 15th 2023, 10:24:28 am] Message:-[Wrong UserName Or Pass! status code: 409]
Level:[error] LogTime: [June 15th 2023, 10:24:28 am] Message:-[Wrong UserName Or Pass! status code: 409]
Level:[error] LogTime: [June 15th 2023, 10:24:28 am] Message:-[connect ETIMEDOUT 34.226.182.162:27017. status code: 500]
Level:[error] LogTime: [June 15th 2023, 10:24:28 am] Message:-[Wrong UserName Or Pass! status code: 409]
Level:[error] LogTime: [June 15th 2023, 10:24:28 am] Message:-[Wrong UserName Or Pass! status code: 409]
Level:[error] LogTime: [June 15th 2023, 10:24:28 am] Message:-[Wrong UserName Or Pass! status code: 409]
Level:[error] LogTime: [June 15th 2023, 10:24:28 am] Message:-[Wrong UserName Or Pass! status code: 409]
Level:[error] LogTime: [June 15th 2023, 10:24:28 am] Message:-[Wrong UserName Or Pass! status code: 409]
Level:[error] LogTime: [June 15th 2023, 10:24:28 am] Message:-[Wrong UserName Or Pass! status code: 409]
Level:[error] LogTime: [June 15th 2023, 10:24:28 am] Message:-[Wrong UserName Or Pass! status code: 409]
Level:[error] LogTime: [June 15th 2023, 10:24:28 am] Message:-[E11000 duplicate key error collection: test.users index: firstName_1 dup key: { firstName: "uriel" }. status code: 500]
