Level:[info] LogTime: [July 20th 2023, 6:50:30 pm] Message:-[user created! status code: 201]
Level:[info] LogTime: [July 20th 2023, 6:50:30 pm] Message:-[Login succeed, with cart! status code: 200]
Level:[info] LogTime: [July 20th 2023, 6:50:30 pm] Message:-[Login succeed, with cart! status code: 200]
Level:[info] LogTime: [July 20th 2023, 6:50:30 pm] Message:-[Login succeed, with cart! status code: 200]
Level:[info] LogTime: [July 20th 2023, 6:54:10 pm] Message:-[Login succeed, with cart! status code: 200]
Level:[info] LogTime: [July 20th 2023, 6:54:10 pm] Message:-[Login succeed, with cart! status code: 200]
Level:[info] LogTime: [July 20th 2023, 7:21:11 pm] Message:-[Login succeed, with cart! status code: 200]
Level:[info] LogTime: [July 20th 2023, 7:21:11 pm] Message:-[Login succeed, with cart! status code: 200]
Level:[info] LogTime: [July 20th 2023, 7:55:03 pm] Message:-[Login succeed, with cart! status code: 200]
Level:[info] LogTime: [July 20th 2023, 7:55:03 pm] Message:-[Login succeed, with cart! status code: 200]
Level:[info] LogTime: [July 20th 2023, 7:55:03 pm] Message:-[Login succeed, with cart! status code: 200]
Level:[info] LogTime: [July 20th 2023, 7:55:03 pm] Message:-[Login succeed, with cart! status code: 200]
Level:[info] LogTime: [July 20th 2023, 8:17:27 pm] Message:-[Login succeed, with cart! status code: 200]
Level:[info] LogTime: [July 20th 2023, 8:17:45 pm] Message:-[Login succeed, with cart! status code: 200]
Level:[info] LogTime: [July 20th 2023, 8:36:22 pm] Message:-[Login succeed, with cart! status code: 200]
Level:[info] LogTime: [July 20th 2023, 8:40:00 pm] Message:-[Login succeed, with cart! status code: 200]
Level:[info] LogTime: [July 21st 2023, 10:09:09 am] Message:-[Login succeed, with cart! status code: 200]
Level:[info] LogTime: [July 21st 2023, 1:06:35 pm] Message:-[Login succeed, with cart! status code: 200]
Level:[info] LogTime: [July 21st 2023, 1:06:35 pm] Message:-[Login succeed, with cart! status code: 200]
Level:[info] LogTime: [July 21st 2023, 1:06:35 pm] Message:-[user created! status code: 201]
Level:[info] LogTime: [July 21st 2023, 1:06:35 pm] Message:-[Login succeed, with cart! status code: 200]
Level:[info] LogTime: [July 21st 2023, 1:06:35 pm] Message:-[Login succeed, with cart! status code: 200]
Level:[info] LogTime: [July 22nd 2023, 6:19:16 pm] Message:-[Login succeed, with cart! status code: 200]
Level:[info] LogTime: [July 23rd 2023, 3:53:00 pm] Message:-[Login succeed, with cart! status code: 200]
Level:[info] LogTime: [July 23rd 2023, 3:53:00 pm] Message:-[Login succeed, with cart! status code: 200]
Level:[info] LogTime: [July 23rd 2023, 4:32:42 pm] Message:-[Login succeed, with cart! status code: 200]
Level:[info] LogTime: [July 24th 2023, 1:55:39 pm] Message:-[Login succeed, with cart! status code: 200]
Level:[info] LogTime: [July 24th 2023, 5:51:51 pm] Message:-[Login succeed, with cart! status code: 200]
