Level:[error] LogTime: [July 8th 2023, 11:41:26 pm] Message:-[Cast to ObjectId failed for value ":[object Object]" (type string) at path "_id" for model "Product" status code: 500]
Level:[error] LogTime: [July 8th 2023, 11:42:54 pm] Message:-[Cast to ObjectId failed for value ":[object Object]" (type string) at path "_id" for model "Product" status code: 500]
Level:[error] LogTime: [July 8th 2023, 11:42:54 pm] Message:-[Cast to ObjectId failed for value ":[object Object]" (type string) at path "_id" for model "Product" status code: 500]
Level:[error] LogTime: [July 8th 2023, 11:43:47 pm] Message:-[Cast to ObjectId failed for value "{ productId: ':[object Object]' }" (type Object) at path "_id" for model "Product" status code: 500]
Level:[error] LogTime: [July 8th 2023, 11:43:47 pm] Message:-[Cast to ObjectId failed for value "{ productId: ':[object Object]' }" (type Object) at path "_id" for model "Product" status code: 500]
Level:[error] LogTime: [July 8th 2023, 11:43:47 pm] Message:-[Cast to ObjectId failed for value "{ productId: ':[object Object]' }" (type Object) at path "_id" for model "Product" status code: 500]
Level:[error] LogTime: [July 8th 2023, 11:43:47 pm] Message:-[Cast to ObjectId failed for value "{ productId: ':[object Object]' }" (type Object) at path "_id" for model "Product" status code: 500]
Level:[error] LogTime: [July 8th 2023, 11:43:47 pm] Message:-[Cast to ObjectId failed for value "{ productId: '[object Object]' }" (type Object) at path "_id" for model "Product" status code: 500]
Level:[error] LogTime: [July 8th 2023, 11:43:47 pm] Message:-[Cast to ObjectId failed for value "{ productId: 'undefined' }" (type Object) at path "_id" for model "Product" status code: 500]
Level:[error] LogTime: [July 8th 2023, 11:43:47 pm] Message:-[Cast to ObjectId failed for value "{ productId: 'undefined' }" (type Object) at path "_id" for model "Product" status code: 500]
Level:[error] LogTime: [July 8th 2023, 11:43:47 pm] Message:-[Cast to ObjectId failed for value "{ productId: 'undefined' }" (type Object) at path "_id" for model "Product" status code: 500]
Level:[error] LogTime: [July 8th 2023, 11:43:47 pm] Message:-[Cast to ObjectId failed for value "{ productId: 'undefined' }" (type Object) at path "_id" for model "Product" status code: 500]
Level:[error] LogTime: [July 8th 2023, 11:43:47 pm] Message:-[Cast to ObjectId failed for value "{ productId: 'undefined' }" (type Object) at path "_id" for model "Product" status code: 500]
Level:[error] LogTime: [July 8th 2023, 11:43:47 pm] Message:-[Cast to ObjectId failed for value "{ productId: 'undefined' }" (type Object) at path "_id" for model "Product" status code: 500]
Level:[error] LogTime: [July 8th 2023, 11:43:47 pm] Message:-[Cast to ObjectId failed for value "{ productId: 'undefined' }" (type Object) at path "_id" for model "Product" status code: 500]
Level:[error] LogTime: [July 8th 2023, 11:43:47 pm] Message:-[Cast to ObjectId failed for value "{ productId: 'undefined' }" (type Object) at path "_id" for model "Product" status code: 500]
Level:[error] LogTime: [July 8th 2023, 11:43:47 pm] Message:-[Cast to ObjectId failed for value "{ productId: '[object Object]' }" (type Object) at path "_id" for model "Product" status code: 500]
Level:[error] LogTime: [July 8th 2023, 11:43:47 pm] Message:-[Cast to ObjectId failed for value "{ productId: 'undefined' }" (type Object) at path "_id" for model "Product" status code: 500]
Level:[error] LogTime: [July 8th 2023, 11:43:47 pm] Message:-[Cast to ObjectId failed for value "{ productId: '[object Object]' }" (type Object) at path "_id" for model "Product" status code: 500]
Level:[error] LogTime: [July 8th 2023, 11:43:47 pm] Message:-[Cast to ObjectId failed for value "{ productId: 'undefined' }" (type Object) at path "_id" for model "Product" status code: 500]
Level:[error] LogTime: [July 8th 2023, 11:52:33 pm] Message:-[Cast to ObjectId failed for value "{ productId: 'undefined' }" (type Object) at path "_id" for model "Product" status code: 500]
Level:[error] LogTime: [July 8th 2023, 11:52:33 pm] Message:-[Cast to ObjectId failed for value "{ productId: '64a7e8eb5134fa86c6efdb58' }" (type Object) at path "_id" for model "Product" status code: 500]
Level:[error] LogTime: [July 10th 2023, 9:17:58 am] Message:-[Cast to ObjectId failed for value "64a7eb0e5134fa86c6efdb5" (type string) at path "_id" for model "Product" status code: 500]
Level:[error] LogTime: [July 10th 2023, 9:17:58 am] Message:-[Cast to ObjectId failed for value "64a7eb0e5134fa86c6efdb5" (type string) at path "_id" for model "Product" status code: 500]
Level:[error] LogTime: [July 10th 2023, 9:17:58 am] Message:-[Cast to ObjectId failed for value "64a7eb0e5134fa86c6efdb5" (type string) at path "_id" for model "Product" status code: 500]
Level:[error] LogTime: [July 10th 2023, 9:17:58 am] Message:-[Cast to ObjectId failed for value "64a7eb0e5134fa86c6efdb5" (type string) at path "_id" for model "Product" status code: 500]
Level:[error] LogTime: [July 10th 2023, 9:17:58 am] Message:-[Cast to ObjectId failed for value "64a7eb0e5134fa86c6efdb5" (type string) at path "_id" for model "Product" status code: 500]
Level:[error] LogTime: [July 10th 2023, 9:17:58 am] Message:-[Cast to ObjectId failed for value "64a7eb0e5134fa86c6efdb5" (type string) at path "_id" for model "Product" status code: 500]
Level:[error] LogTime: [July 10th 2023, 9:17:58 am] Message:-[Cast to ObjectId failed for value "64a7eb0e5134fa86c6efdb5" (type string) at path "_id" for model "Product" status code: 500]
Level:[error] LogTime: [July 10th 2023, 9:17:58 am] Message:-[Cast to ObjectId failed for value "64a7eb0e5134fa86c6efdb5" (type string) at path "_id" for model "Product" status code: 500]
Level:[error] LogTime: [July 10th 2023, 9:17:58 am] Message:-[Cast to ObjectId failed for value "64a7eb0e5134fa86c6efdb5" (type string) at path "_id" for model "Product" status code: 500]
Level:[error] LogTime: [July 10th 2023, 9:17:58 am] Message:-[Cast to ObjectId failed for value "64a7eb0e5134fa86c6efdb5" (type string) at path "_id" for model "Product" status code: 500]
Level:[error] LogTime: [July 10th 2023, 9:17:58 am] Message:-[Cast to ObjectId failed for value "64a7eb0e5134fa86c6efdb5" (type string) at path "_id" for model "Product" status code: 500]
Level:[error] LogTime: [July 10th 2023, 9:17:58 am] Message:-[Cast to ObjectId failed for value "64a7eb0e5134fa86c6efdb5" (type string) at path "_id" for model "Product" status code: 500]
Level:[error] LogTime: [July 10th 2023, 9:17:58 am] Message:-[Cast to ObjectId failed for value "64a7eb0e5134fa86c6efdb5" (type string) at path "_id" for model "Product" status code: 500]
Level:[error] LogTime: [July 10th 2023, 9:17:58 am] Message:-[Cast to ObjectId failed for value "64a7eb0e5134fa86c6efdb5" (type string) at path "_id" for model "Product" status code: 500]
Level:[error] LogTime: [July 10th 2023, 9:17:58 am] Message:-[Cast to ObjectId failed for value "64a7eb0e5134fa86c6efdb5" (type string) at path "_id" for model "Product" status code: 500]
Level:[error] LogTime: [July 10th 2023, 9:17:58 am] Message:-[Cast to ObjectId failed for value "64a7eb0e5134fa86c6efdb5" (type string) at path "_id" for model "Product" status code: 500]
Level:[error] LogTime: [July 10th 2023, 9:17:58 am] Message:-[Cast to ObjectId failed for value "64a7eb0e5134fa86c6efdb5" (type string) at path "_id" for model "Product" status code: 500]
Level:[error] LogTime: [July 10th 2023, 9:17:58 am] Message:-[Cast to ObjectId failed for value "64a7eb0e5134fa86c6efdb5" (type string) at path "_id" for model "Product" status code: 500]
