Level:[error] LogTime: [August 6th 2023, 6:46:23 pm] Message:-[Cast to ObjectId failed for value "88888888" (type string) at path "_id" for model "Product". status code: 500]
Level:[error] LogTime: [August 6th 2023, 6:46:23 pm] Message:-[Cast to ObjectId failed for value "88888888" (type string) at path "_id" for model "Product". status code: 500]
Level:[error] LogTime: [August 6th 2023, 6:46:23 pm] Message:-[Cast to ObjectId failed for value "88888888" (type string) at path "_id" for model "Product". status code: 500]
Level:[error] LogTime: [August 6th 2023, 6:46:23 pm] Message:-[Cast to ObjectId failed for value "nhhhhhhh" (type string) at path "_id" for model "Product". status code: 500]
Level:[error] LogTime: [August 6th 2023, 6:46:23 pm] Message:-[Cast to ObjectId failed for value "nhhhhhhh" (type string) at path "_id" for model "Product". status code: 500]
Level:[info] LogTime: [August 6th 2023, 6:46:23 pm] Message:-[product dont exist. status code: 200]
Level:[info] LogTime: [August 6th 2023, 6:46:23 pm] Message:-[product dont exist. status code: 200]
Level:[error] LogTime: [August 6th 2023, 6:46:23 pm] Message:-[Cast to ObjectId failed for value "64a7e8eb5134fa86c6efdb5" (type string) at path "_id" for model "Product". status code: 500]
Level:[info] LogTime: [August 6th 2023, 6:46:23 pm] Message:-[product dont exist. status code: 200]
Level:[info] LogTime: [August 6th 2023, 6:46:23 pm] Message:-[product dont exist. status code: 200]
Level:[info] LogTime: [August 6th 2023, 6:46:23 pm] Message:-[product dont exist. status code: 200]
Level:[info] LogTime: [August 6th 2023, 6:46:23 pm] Message:-[product dont exist. status code: 200]
Level:[info] LogTime: [August 6th 2023, 6:46:23 pm] Message:-[product dont exist. status code: 200]
Level:[info] LogTime: [August 6th 2023, 6:46:23 pm] Message:-[product dont exist. status code: 200]
Level:[info] LogTime: [August 6th 2023, 6:46:23 pm] Message:-[product dont exist. status code: 200]
Level:[info] LogTime: [August 6th 2023, 6:46:23 pm] Message:-[product dont exist. status code: 200]
Level:[info] LogTime: [August 6th 2023, 6:46:23 pm] Message:-[product dont exist. status code: 200]
Level:[info] LogTime: [August 6th 2023, 6:46:23 pm] Message:-[product dont exist. status code: 200]
Level:[info] LogTime: [August 6th 2023, 6:46:23 pm] Message:-[product dont exist. status code: 200]
Level:[info] LogTime: [August 6th 2023, 6:46:23 pm] Message:-[product dont exist. status code: 200]
Level:[info] LogTime: [August 6th 2023, 6:46:23 pm] Message:-[product dont exist. status code: 200]
Level:[info] LogTime: [August 6th 2023, 6:46:23 pm] Message:-[product dont exist. status code: 200]
Level:[info] LogTime: [August 6th 2023, 6:46:23 pm] Message:-[product dont exist. status code: 200]
Level:[info] LogTime: [August 6th 2023, 6:46:23 pm] Message:-[product dont exist. status code: 200]
Level:[info] LogTime: [August 6th 2023, 6:46:23 pm] Message:-[product dont exist. status code: 200]
Level:[info] LogTime: [August 6th 2023, 6:46:23 pm] Message:-[product dont exist. status code: 200]
Level:[info] LogTime: [August 6th 2023, 6:46:23 pm] Message:-[product dont exist. status code: 200]
Level:[info] LogTime: [August 6th 2023, 6:46:23 pm] Message:-[product dont exist. status code: 200]
Level:[info] LogTime: [August 6th 2023, 6:46:23 pm] Message:-[product dont exist. status code: 200]
Level:[info] LogTime: [August 6th 2023, 6:46:23 pm] Message:-[product dont exist. status code: 200]
Level:[info] LogTime: [August 6th 2023, 6:46:23 pm] Message:-[product dont exist. status code: 200]
Level:[info] LogTime: [August 6th 2023, 6:46:23 pm] Message:-[product dont exist. status code: 200]
Level:[info] LogTime: [August 6th 2023, 6:46:23 pm] Message:-[product dont exist. status code: 200]
Level:[info] LogTime: [August 6th 2023, 6:46:23 pm] Message:-[product dont exist. status code: 200]
Level:[info] LogTime: [August 6th 2023, 6:46:23 pm] Message:-[product dont exist. status code: 200]
Level:[info] LogTime: [August 6th 2023, 6:46:23 pm] Message:-[product dont exist. status code: 200]
Level:[info] LogTime: [August 6th 2023, 6:46:23 pm] Message:-[product dont exist. status code: 200]
Level:[info] LogTime: [August 6th 2023, 6:46:23 pm] Message:-[product dont exist. status code: 200]
Level:[info] LogTime: [August 6th 2023, 6:46:23 pm] Message:-[product dont exist. status code: 200]
Level:[info] LogTime: [August 6th 2023, 6:46:23 pm] Message:-[product dont exist. status code: 200]
Level:[info] LogTime: [August 6th 2023, 6:46:23 pm] Message:-[product dont exist. status code: 200]
Level:[info] LogTime: [August 6th 2023, 6:46:23 pm] Message:-[product dont exist. status code: 200]
Level:[info] LogTime: [August 6th 2023, 6:46:23 pm] Message:-[product dont exist. status code: 200]
Level:[info] LogTime: [August 6th 2023, 6:46:23 pm] Message:-[product dont exist. status code: 200]
Level:[info] LogTime: [August 6th 2023, 6:46:23 pm] Message:-[product dont exist. status code: 200]
Level:[info] LogTime: [August 6th 2023, 6:46:23 pm] Message:-[product dont exist. status code: 200]
Level:[info] LogTime: [August 6th 2023, 6:46:23 pm] Message:-[product dont exist. status code: 200]
Level:[info] LogTime: [August 6th 2023, 6:46:23 pm] Message:-[product dont exist. status code: 200]
Level:[info] LogTime: [August 6th 2023, 6:46:23 pm] Message:-[product dont exist. status code: 200]
Level:[info] LogTime: [August 6th 2023, 6:46:23 pm] Message:-[product dont exist. status code: 200]
Level:[info] LogTime: [August 6th 2023, 6:46:23 pm] Message:-[product dont exist. status code: 200]
Level:[info] LogTime: [August 6th 2023, 6:46:23 pm] Message:-[product dont exist. status code: 200]
Level:[info] LogTime: [August 6th 2023, 6:46:23 pm] Message:-[product dont exist. status code: 200]
Level:[info] LogTime: [August 6th 2023, 6:46:23 pm] Message:-[product dont exist. status code: 200]
Level:[info] LogTime: [August 6th 2023, 6:46:23 pm] Message:-[product dont exist. status code: 200]
Level:[info] LogTime: [August 6th 2023, 6:46:23 pm] Message:-[product dont exist. status code: 200]
Level:[info] LogTime: [August 6th 2023, 6:46:23 pm] Message:-[product dont exist. status code: 200]
Level:[info] LogTime: [August 6th 2023, 6:46:23 pm] Message:-[product dont exist. status code: 200]
Level:[info] LogTime: [August 6th 2023, 6:46:23 pm] Message:-[product dont exist. status code: 200]
Level:[info] LogTime: [August 6th 2023, 7:01:23 pm] Message:-[product dont exist. status code: 200]
Level:[info] LogTime: [August 6th 2023, 7:01:23 pm] Message:-[product dont exist. status code: 200]
Level:[info] LogTime: [August 6th 2023, 7:01:23 pm] Message:-[product dont exist. status code: 200]
Level:[info] LogTime: [August 6th 2023, 7:01:23 pm] Message:-[product dont exist. status code: 200]
Level:[info] LogTime: [August 6th 2023, 7:01:23 pm] Message:-[product dont exist. status code: 200]
Level:[info] LogTime: [August 6th 2023, 7:01:23 pm] Message:-[product dont exist. status code: 200]
Level:[info] LogTime: [August 6th 2023, 7:01:23 pm] Message:-[product dont exist. status code: 200]
Level:[info] LogTime: [August 6th 2023, 7:01:23 pm] Message:-[product dont exist. status code: 200]
Level:[info] LogTime: [August 6th 2023, 7:01:23 pm] Message:-[product dont exist. status code: 200]
Level:[info] LogTime: [August 6th 2023, 7:01:23 pm] Message:-[product dont exist. status code: 200]
Level:[info] LogTime: [August 6th 2023, 7:01:23 pm] Message:-[product dont exist. status code: 200]
Level:[info] LogTime: [August 6th 2023, 7:01:23 pm] Message:-[product dont exist. status code: 200]
Level:[info] LogTime: [August 6th 2023, 7:01:23 pm] Message:-[product dont exist. status code: 200]
Level:[info] LogTime: [August 6th 2023, 7:01:23 pm] Message:-[product dont exist. status code: 200]
Level:[info] LogTime: [August 6th 2023, 7:01:23 pm] Message:-[product dont exist. status code: 200]
Level:[info] LogTime: [August 6th 2023, 7:01:23 pm] Message:-[product dont exist. status code: 200]
Level:[info] LogTime: [August 6th 2023, 7:01:23 pm] Message:-[product dont exist. status code: 200]
Level:[info] LogTime: [August 6th 2023, 7:01:23 pm] Message:-[product dont exist. status code: 200]
Level:[info] LogTime: [August 6th 2023, 7:01:23 pm] Message:-[product dont exist. status code: 200]
Level:[info] LogTime: [August 6th 2023, 7:01:23 pm] Message:-[product dont exist. status code: 200]
Level:[info] LogTime: [August 6th 2023, 7:01:23 pm] Message:-[product dont exist. status code: 200]
Level:[info] LogTime: [August 6th 2023, 7:01:23 pm] Message:-[product dont exist. status code: 200]
Level:[info] LogTime: [August 6th 2023, 7:01:23 pm] Message:-[product dont exist. status code: 200]
Level:[info] LogTime: [August 6th 2023, 7:01:23 pm] Message:-[product dont exist. status code: 200]
Level:[info] LogTime: [August 6th 2023, 7:01:23 pm] Message:-[product dont exist. status code: 200]
Level:[info] LogTime: [August 6th 2023, 7:01:23 pm] Message:-[product dont exist. status code: 200]
Level:[info] LogTime: [August 6th 2023, 7:01:23 pm] Message:-[product dont exist. status code: 200]
Level:[info] LogTime: [August 6th 2023, 7:01:23 pm] Message:-[product dont exist. status code: 200]
Level:[info] LogTime: [August 6th 2023, 7:01:23 pm] Message:-[product dont exist. status code: 200]
Level:[info] LogTime: [August 6th 2023, 7:01:23 pm] Message:-[product dont exist. status code: 200]
Level:[info] LogTime: [August 6th 2023, 7:01:23 pm] Message:-[product dont exist. status code: 200]
Level:[info] LogTime: [August 6th 2023, 7:01:23 pm] Message:-[product dont exist. status code: 200]
Level:[info] LogTime: [August 6th 2023, 7:01:23 pm] Message:-[product dont exist. status code: 200]
Level:[info] LogTime: [August 6th 2023, 7:01:23 pm] Message:-[product dont exist. status code: 200]
Level:[info] LogTime: [August 6th 2023, 7:01:23 pm] Message:-[product dont exist. status code: 200]
Level:[info] LogTime: [August 6th 2023, 7:01:23 pm] Message:-[product dont exist. status code: 200]
Level:[info] LogTime: [August 6th 2023, 7:01:23 pm] Message:-[product dont exist. status code: 200]
Level:[info] LogTime: [August 6th 2023, 7:01:23 pm] Message:-[product dont exist. status code: 200]
Level:[info] LogTime: [August 6th 2023, 7:01:23 pm] Message:-[product dont exist. status code: 200]
Level:[info] LogTime: [August 6th 2023, 7:01:23 pm] Message:-[product dont exist. status code: 200]
Level:[info] LogTime: [August 6th 2023, 7:01:23 pm] Message:-[product dont exist. status code: 200]
Level:[info] LogTime: [August 6th 2023, 7:01:23 pm] Message:-[product dont exist. status code: 200]
Level:[info] LogTime: [August 6th 2023, 7:01:23 pm] Message:-[product dont exist. status code: 200]
Level:[info] LogTime: [August 6th 2023, 7:01:23 pm] Message:-[product dont exist. status code: 200]
Level:[info] LogTime: [August 6th 2023, 7:01:23 pm] Message:-[product dont exist. status code: 200]
Level:[info] LogTime: [August 6th 2023, 7:01:23 pm] Message:-[product dont exist. status code: 200]
Level:[info] LogTime: [August 6th 2023, 7:01:23 pm] Message:-[product dont exist. status code: 200]
Level:[info] LogTime: [August 6th 2023, 7:01:23 pm] Message:-[product dont exist. status code: 200]
Level:[info] LogTime: [August 6th 2023, 7:01:23 pm] Message:-[product dont exist. status code: 200]
Level:[info] LogTime: [August 6th 2023, 7:01:23 pm] Message:-[product dont exist. status code: 200]
Level:[info] LogTime: [August 6th 2023, 7:01:23 pm] Message:-[product dont exist. status code: 200]
Level:[info] LogTime: [August 6th 2023, 7:01:23 pm] Message:-[product dont exist. status code: 200]
Level:[info] LogTime: [August 6th 2023, 7:01:23 pm] Message:-[product dont exist. status code: 200]
Level:[info] LogTime: [August 6th 2023, 7:01:23 pm] Message:-[product dont exist. status code: 200]
Level:[info] LogTime: [August 6th 2023, 7:01:23 pm] Message:-[product dont exist. status code: 200]
Level:[info] LogTime: [August 6th 2023, 7:01:23 pm] Message:-[product dont exist. status code: 200]
Level:[info] LogTime: [August 6th 2023, 7:01:23 pm] Message:-[product dont exist. status code: 200]
Level:[info] LogTime: [August 6th 2023, 7:01:23 pm] Message:-[product dont exist. status code: 200]
Level:[info] LogTime: [August 6th 2023, 7:01:23 pm] Message:-[product dont exist. status code: 200]
Level:[info] LogTime: [August 6th 2023, 7:01:23 pm] Message:-[product dont exist. status code: 200]
Level:[info] LogTime: [August 6th 2023, 7:01:23 pm] Message:-[product dont exist. status code: 200]
Level:[info] LogTime: [August 6th 2023, 7:01:23 pm] Message:-[product dont exist. status code: 200]
Level:[info] LogTime: [August 6th 2023, 7:01:23 pm] Message:-[product dont exist. status code: 200]
Level:[info] LogTime: [August 6th 2023, 7:01:23 pm] Message:-[product dont exist. status code: 200]
Level:[info] LogTime: [August 6th 2023, 7:01:23 pm] Message:-[product dont exist. status code: 200]
Level:[info] LogTime: [August 6th 2023, 7:01:23 pm] Message:-[product dont exist. status code: 200]
Level:[error] LogTime: [August 6th 2023, 7:01:23 pm] Message:-[Cast to ObjectId failed for value "productID" (type string) at path "_id" for model "Product". status code: 500]
Level:[error] LogTime: [August 6th 2023, 7:01:23 pm] Message:-[Cast to ObjectId failed for value "productID" (type string) at path "_id" for model "Product". status code: 500]
Level:[info] LogTime: [August 6th 2023, 7:01:23 pm] Message:-[product dont exist. status code: 200]
Level:[info] LogTime: [August 6th 2023, 7:01:23 pm] Message:-[product dont exist. status code: 200]
Level:[info] LogTime: [August 6th 2023, 7:01:23 pm] Message:-[product dont exist. status code: 200]
Level:[info] LogTime: [August 6th 2023, 7:01:23 pm] Message:-[product dont exist. status code: 200]
Level:[info] LogTime: [August 6th 2023, 7:01:23 pm] Message:-[product dont exist. status code: 200]
Level:[info] LogTime: [August 6th 2023, 7:01:23 pm] Message:-[product dont exist. status code: 200]
Level:[info] LogTime: [August 6th 2023, 7:01:23 pm] Message:-[product dont exist. status code: 200]
Level:[info] LogTime: [August 6th 2023, 7:01:23 pm] Message:-[product dont exist. status code: 200]
Level:[info] LogTime: [August 6th 2023, 7:01:23 pm] Message:-[product dont exist. status code: 200]
Level:[info] LogTime: [August 6th 2023, 7:01:23 pm] Message:-[product dont exist. status code: 200]
Level:[info] LogTime: [August 6th 2023, 7:01:23 pm] Message:-[product dont exist. status code: 200]
Level:[info] LogTime: [August 6th 2023, 7:01:23 pm] Message:-[product dont exist. status code: 200]
Level:[info] LogTime: [August 6th 2023, 7:01:23 pm] Message:-[product dont exist. status code: 200]
Level:[info] LogTime: [August 6th 2023, 7:01:23 pm] Message:-[product dont exist. status code: 200]
Level:[info] LogTime: [August 6th 2023, 7:01:23 pm] Message:-[product dont exist. status code: 200]
Level:[info] LogTime: [August 6th 2023, 7:01:23 pm] Message:-[product dont exist. status code: 200]
Level:[info] LogTime: [August 6th 2023, 7:01:23 pm] Message:-[product dont exist. status code: 200]
Level:[info] LogTime: [August 6th 2023, 7:01:23 pm] Message:-[product dont exist. status code: 200]
Level:[info] LogTime: [August 6th 2023, 7:01:23 pm] Message:-[product dont exist. status code: 200]
Level:[info] LogTime: [August 6th 2023, 7:01:23 pm] Message:-[product dont exist. status code: 200]
Level:[info] LogTime: [August 6th 2023, 7:01:23 pm] Message:-[product dont exist. status code: 200]
Level:[info] LogTime: [August 6th 2023, 7:01:23 pm] Message:-[product dont exist. status code: 200]
Level:[error] LogTime: [August 6th 2023, 7:01:23 pm] Message:-[Cast to ObjectId failed for value "64a7e8eb5134fa86c6efdb5864a7e8eb5134fa86c6efdb58" (type string) at path "_id" for model "Product". status code: 500]
Level:[info] LogTime: [August 6th 2023, 7:01:23 pm] Message:-[product dont exist. status code: 200]
Level:[error] LogTime: [August 6th 2023, 7:01:23 pm] Message:-[Cast to ObjectId failed for value "64a7e8eb5134fa86c6efdb5864a7e8eb5134fa86c6efdb58" (type string) at path "_id" for model "Product". status code: 500]
Level:[info] LogTime: [August 6th 2023, 7:01:23 pm] Message:-[product dont exist. status code: 200]
Level:[info] LogTime: [August 6th 2023, 7:01:23 pm] Message:-[product dont exist. status code: 200]
Level:[info] LogTime: [August 6th 2023, 7:01:23 pm] Message:-[product dont exist. status code: 200]
Level:[info] LogTime: [August 6th 2023, 7:01:23 pm] Message:-[product dont exist. status code: 200]
Level:[info] LogTime: [August 6th 2023, 7:01:23 pm] Message:-[product dont exist. status code: 200]
Level:[info] LogTime: [August 6th 2023, 7:01:23 pm] Message:-[product dont exist. status code: 200]
Level:[info] LogTime: [August 6th 2023, 7:01:23 pm] Message:-[product dont exist. status code: 200]
Level:[info] LogTime: [August 6th 2023, 7:01:23 pm] Message:-[product dont exist. status code: 200]
Level:[info] LogTime: [August 6th 2023, 7:01:23 pm] Message:-[product dont exist. status code: 200]
Level:[info] LogTime: [August 6th 2023, 7:01:23 pm] Message:-[product dont exist. status code: 200]
Level:[info] LogTime: [August 6th 2023, 7:01:23 pm] Message:-[product dont exist. status code: 200]
Level:[info] LogTime: [August 6th 2023, 7:01:23 pm] Message:-[product dont exist. status code: 200]
Level:[info] LogTime: [August 6th 2023, 7:01:23 pm] Message:-[product dont exist. status code: 200]
Level:[info] LogTime: [August 6th 2023, 7:01:23 pm] Message:-[product dont exist. status code: 200]
Level:[info] LogTime: [August 6th 2023, 7:01:23 pm] Message:-[product dont exist. status code: 200]
Level:[error] LogTime: [August 6th 2023, 7:01:23 pm] Message:-[Cast to ObjectId failed for value "SubmitFunc" (type string) at path "_id" for model "Product". status code: 500]
Level:[info] LogTime: [August 6th 2023, 7:01:23 pm] Message:-[product dont exist. status code: 200]
Level:[info] LogTime: [August 6th 2023, 7:01:23 pm] Message:-[product dont exist. status code: 200]
Level:[info] LogTime: [August 6th 2023, 7:01:23 pm] Message:-[product dont exist. status code: 200]
Level:[info] LogTime: [August 6th 2023, 7:01:23 pm] Message:-[product dont exist. status code: 200]
Level:[info] LogTime: [August 6th 2023, 7:01:23 pm] Message:-[product dont exist. status code: 200]
Level:[info] LogTime: [August 6th 2023, 7:01:23 pm] Message:-[product dont exist. status code: 200]
Level:[info] LogTime: [August 6th 2023, 7:01:23 pm] Message:-[product dont exist. status code: 200]
Level:[info] LogTime: [August 6th 2023, 7:01:23 pm] Message:-[product dont exist. status code: 200]
Level:[info] LogTime: [August 6th 2023, 7:01:23 pm] Message:-[product dont exist. status code: 200]
Level:[info] LogTime: [August 6th 2023, 7:01:23 pm] Message:-[product dont exist. status code: 200]
Level:[info] LogTime: [August 6th 2023, 7:01:23 pm] Message:-[product dont exist. status code: 200]
Level:[info] LogTime: [August 6th 2023, 7:01:23 pm] Message:-[product dont exist. status code: 200]
Level:[info] LogTime: [August 6th 2023, 8:09:13 pm] Message:-[product deleted. status code: 201]
Level:[info] LogTime: [August 6th 2023, 8:09:13 pm] Message:-[product deleted. status code: 201]
Level:[info] LogTime: [August 6th 2023, 8:09:13 pm] Message:-[product deleted. status code: 201]
