Level:[info] LogTime: [August 30th 2023, 11:30:48 am] Message:-[Cart reseted successfuly! status code: 200]
Level:[info] LogTime: [August 30th 2023, 11:30:48 am] Message:-[Created new user cart! status code: 200]
Level:[info] LogTime: [August 30th 2023, 11:30:48 am] Message:-[Add new item into user cart! status code: 200]
Level:[info] LogTime: [August 30th 2023, 11:30:48 am] Message:-[Add new item into user cart! status code: 200]
Level:[info] LogTime: [September 5th 2023, 11:17:06 am] Message:-[Add new item into user cart! status code: 200]
Level:[info] LogTime: [September 5th 2023, 11:35:45 am] Message:-[Cart reseted successfuly! status code: 200]
Level:[info] LogTime: [September 5th 2023, 11:35:45 am] Message:-[Created new user cart! status code: 200]
Level:[info] LogTime: [September 5th 2023, 11:35:45 am] Message:-[Add new item into user cart! status code: 200]
Level:[info] LogTime: [September 5th 2023, 11:35:45 am] Message:-[Incremented successfully! status code: 200]
Level:[info] LogTime: [September 5th 2023, 11:46:13 am] Message:-[Incremented successfully! status code: 200]
Level:[info] LogTime: [September 5th 2023, 11:46:13 am] Message:-[Incremented successfully! status code: 200]
Level:[info] LogTime: [September 5th 2023, 11:59:28 am] Message:-[Decremented1 successfully! status code: 200]
Level:[info] LogTime: [September 5th 2023, 11:59:28 am] Message:-[Decremented1 successfully! status code: 200]
Level:[info] LogTime: [September 5th 2023, 11:59:28 am] Message:-[Decremented1 successfully! status code: 200]
Level:[info] LogTime: [September 5th 2023, 11:59:28 am] Message:-[Incremented successfully! status code: 200]
Level:[info] LogTime: [September 5th 2023, 11:59:28 am] Message:-[Incremented successfully! status code: 200]
Level:[info] LogTime: [September 5th 2023, 11:59:28 am] Message:-[Decremented1 successfully! status code: 200]
Level:[info] LogTime: [September 5th 2023, 11:59:28 am] Message:-[Decremented1 successfully! status code: 200]
Level:[info] LogTime: [September 5th 2023, 11:59:28 am] Message:-[Cart reseted successfuly! status code: 200]
Level:[info] LogTime: [September 5th 2023, 11:59:28 am] Message:-[Created new user cart! status code: 200]
Level:[info] LogTime: [September 5th 2023, 11:59:28 am] Message:-[Add new item into user cart! status code: 200]
Level:[info] LogTime: [September 5th 2023, 12:04:01 pm] Message:-[Cart reseted successfuly! status code: 200]
Level:[info] LogTime: [September 5th 2023, 12:04:01 pm] Message:-[Created new user cart! status code: 200]
Level:[info] LogTime: [September 5th 2023, 12:04:01 pm] Message:-[Add new item into user cart! status code: 200]
Level:[info] LogTime: [September 5th 2023, 12:22:21 pm] Message:-[Add new item into user cart! status code: 200]
Level:[info] LogTime: [September 5th 2023, 12:22:21 pm] Message:-[Item removed successfully! status code: 200]
Level:[info] LogTime: [September 5th 2023, 12:22:21 pm] Message:-[Item removed successfully! status code: 200]
Level:[info] LogTime: [September 5th 2023, 12:39:45 pm] Message:-[Cart reseted successfuly! status code: 200]
Level:[info] LogTime: [September 5th 2023, 12:39:45 pm] Message:-[Created new user cart! status code: 200]
